<?xml version="1.0" encoding="UTF-8"?><testsuite errors="1" failures="0" name="Validar funcionamiento de las seciones empleo, formacion y contactenos de las paginas web" skipped="0" tests="1" time="12.04" timestamp="2020-11-22 11:04:35"><testcase name="Buscar oferta de empleo"><error type="java.lang.NullPointerException"/><system-err>null&#13;
Operaciones.Empleo.BuscarEmpleo(Empleo.java:40)&#13;
Enlace.Conector.filtar_ofertas_disponibles(Conector.java:56)&#13;
✽.filtar ofertas disponibles(src/test/java/Features/Casos.feature:18)&#13;
</system-err></testcase></testsuite>