<?xml version="1.0" encoding="UTF-8"?><testsuite errors="1" failures="0" name="Validar funcionamiento de las seciones empleo, formacion y contactenos de las paginas web" skipped="0" tests="2" time="75.8" timestamp="2020-11-22 11:06:01"><testcase name="Solicitar informacion de Choucair"/><testcase name="Buscar oferta de empleo"><error type="java.lang.NullPointerException"/><system-err>null&#13;
Operaciones.Empleo.BuscarEmpleo(Empleo.java:40)&#13;
Enlace.Conector.filtar_ofertas_disponibles(Conector.java:56)&#13;
✽.filtar ofertas disponibles(src/test/java/Features/Casos.feature:17)&#13;
</system-err></testcase></testsuite>